This is pdfTeX, Version 3.14159265-2.6-1.40.16 (TeX Live 2015/Debian) (preloaded format=pdflatex 2019.2.7)  16 JUL 2020 14:28
entering extended mode
 restricted \write18 enabled.
 file:line:error style messages enabled.
 %&-line parsing enabled.
**/media/bagustris/atmaja/s3/disertasi-ser/book/book.tex
(/media/bagustris/atmaja/s3/disertasi-ser/book/book.tex
LaTeX2e <2016/02/01>
Babel <3.9q> and hyphenation patterns for 12 language(s) loaded.
(/usr/share/texlive/texmf-dist/tex/latex/base/report.cls
Document Class: report 2014/09/29 v1.4h Standard LaTeX document class
(/usr/share/texlive/texmf-dist/tex/latex/base/size12.clo
File: size12.clo 2014/09/29 v1.4h Standard LaTeX file (size option)
)
\c@part=\count79
\c@chapter=\count80
\c@section=\count81
\c@subsection=\count82
\c@subsubsection=\count83
\c@paragraph=\count84
\c@subparagraph=\count85
\c@figure=\count86
\c@table=\count87
\abovecaptionskip=\skip41
\belowcaptionskip=\skip42
\bibindent=\dimen102
) (/media/bagustris/atmaja/s3/disertasi-ser/book/jaist-e-doctor.sty
Document Style `jaist-e-doctor' <19 Oct 99>.
(/media/bagustris/atmaja/s3/disertasi-ser/book/jaist-e-doctor-titlepage.sty
\titletopskip=\skip43
)) (/usr/share/texlive/texmf-dist/tex/latex/graphics/graphicx.sty
Package: graphicx 2014/10/28 v1.0g Enhanced LaTeX Graphics (DPC,SPQR)
 (/usr/share/texlive/texmf-dist/tex/latex/graphics/keyval.sty
Package: keyval 2014/10/28 v1.15 key=value parser (DPC)
\KV@toks@=\toks14
) (/usr/share/texlive/texmf-dist/tex/latex/graphics/graphics.sty
Package: graphics 2016/01/03 v1.0q Standard LaTeX Graphics (DPC,SPQR)
 (/usr/share/texlive/texmf-dist/tex/latex/graphics/trig.sty
Package: trig 2016/01/03 v1.10 sin cos tan (DPC)
) (/usr/share/texlive/texmf-dist/tex/latex/latexconfig/graphics.cfg
File: graphics.cfg 2010/04/23 v1.9 graphics configuration of TeX Live
)
Package graphics Info: Driver file: dvipdfmx.def on input line 95.
 (/usr/share/texlive/texmf-dist/tex/latex/dvipdfmx-def/dvipdfmx.def
File: dvipdfmx.def 2015/11/04 v4.07 LaTeX color/graphics driver for dvipdfmx (TeX Live/ChoF)
 (/usr/share/texlive/texmf-dist/tex/generic/oberdiek/infwarerr.sty
Package: infwarerr 2010/04/08 v1.3 Providing info/warning/error messages (HO)
) (/usr/share/texlive/texmf-dist/tex/generic/oberdiek/ltxcmds.sty
Package: ltxcmds 2011/11/09 v1.22 LaTeX kernel commands for general use (HO)
)))
\Gin@req@height=\dimen103
\Gin@req@width=\dimen104
) (/usr/share/texlive/texmf-dist/tex/latex/url/url.sty
\Urlmuskip=\muskip10
Package: url 2013/09/16  ver 3.4  Verb mode for urls, etc.
) (/usr/share/texlive/texmf-dist/tex/latex/pdfpages/pdfpages.sty
Package: pdfpages 2015/09/18 v0.5d Insert pages of external PDF documents (AM)
 (/usr/share/texlive/texmf-dist/tex/latex/base/ifthen.sty
Package: ifthen 2014/09/29 v1.1c Standard LaTeX ifthen package (DPC)
) (/usr/share/texlive/texmf-dist/tex/latex/tools/calc.sty
Package: calc 2014/10/28 v4.3 Infix arithmetic (KKT,FJ)
\calc@Acount=\count88
\calc@Bcount=\count89
\calc@Adimen=\dimen105
\calc@Bdimen=\dimen106
\calc@Askip=\skip44
\calc@Bskip=\skip45
LaTeX Info: Redefining \setlength on input line 80.
LaTeX Info: Redefining \addtolength on input line 81.
\calc@Ccount=\count90
\calc@Cskip=\skip46
) (/usr/share/texlive/texmf-dist/tex/latex/eso-pic/eso-pic.sty
Package: eso-pic 2015/07/21 v2.0g eso-pic (RN)
 (/usr/share/texlive/texmf-dist/tex/generic/oberdiek/atbegshi.sty
Package: atbegshi 2011/10/05 v1.16 At begin shipout hook (HO)
 (/usr/share/texlive/texmf-dist/tex/generic/oberdiek/ifpdf.sty
Package: ifpdf 2011/01/30 v2.3 Provides the ifpdf switch (HO)
Package ifpdf Info: pdfTeX in PDF mode is detected.
)) (/usr/share/texlive/texmf-dist/tex/latex/xcolor/xcolor.sty
Package: xcolor 2007/01/21 v2.11 LaTeX color extensions (UK)
 (/usr/share/texlive/texmf-dist/tex/latex/latexconfig/color.cfg
File: color.cfg 2007/01/18 v1.5 color configuration of teTeX/TeXLive
)
Package xcolor Info: Driver file: pdftex.def on input line 225.
 (/usr/share/texlive/texmf-dist/tex/latex/pdftex-def/pdftex.def
File: pdftex.def 2011/05/27 v0.06d Graphics/color for pdfTeX
\Gread@gobject=\count91
)
Package xcolor Info: Model `cmy' substituted by `cmy0' on input line 1337.
Package xcolor Info: Model `RGB' extended on input line 1353.
Package xcolor Info: Model `HTML' substituted by `rgb' on input line 1355.
Package xcolor Info: Model `Hsb' substituted by `hsb' on input line 1356.
Package xcolor Info: Model `tHsb' substituted by `hsb' on input line 1357.
Package xcolor Info: Model `HSB' substituted by `hsb' on input line 1358.
Package xcolor Info: Model `Gray' substituted by `gray' on input line 1359.
Package xcolor Info: Model `wave' substituted by `hsb' on input line 1360.
))
\AM@pagewidth=\dimen107
\AM@pageheight=\dimen108
 (/usr/share/texlive/texmf-dist/tex/latex/pdfpages/pppdftex.def
File: pppdftex.def 2015/09/18 v0.5d Pdfpages driver for pdfTeX (AM)
)
\AM@pagebox=\box26
\AM@toc@title=\toks15
\c@AM@survey=\count92
\AM@templatesizebox=\box27
) (/usr/share/texlive/texmf-dist/tex/latex/hyperref/hyperref.sty
Package: hyperref 2012/11/06 v6.83m Hypertext links for LaTeX
 (/usr/share/texlive/texmf-dist/tex/generic/oberdiek/hobsub-hyperref.sty
Package: hobsub-hyperref 2012/05/28 v1.13 Bundle oberdiek, subset hyperref (HO)
 (/usr/share/texlive/texmf-dist/tex/generic/oberdiek/hobsub-generic.sty
Package: hobsub-generic 2012/05/28 v1.13 Bundle oberdiek, subset generic (HO)
Package: hobsub 2012/05/28 v1.13 Construct package bundles (HO)
Package hobsub Info: Skipping package `infwarerr' (already loaded).
Package hobsub Info: Skipping package `ltxcmds' (already loaded).
Package: ifluatex 2010/03/01 v1.3 Provides the ifluatex switch (HO)
Package ifluatex Info: LuaTeX not detected.
Package: ifvtex 2010/03/01 v1.5 Detect VTeX and its facilities (HO)
Package ifvtex Info: VTeX not detected.
Package: intcalc 2007/09/27 v1.1 Expandable calculations with integers (HO)
Package hobsub Info: Skipping package `ifpdf' (already loaded).
Package: etexcmds 2011/02/16 v1.5 Avoid name clashes with e-TeX commands (HO)
Package etexcmds Info: Could not find \expanded.
(etexcmds)             That can mean that you are not using pdfTeX 1.50 or
(etexcmds)             that some package has redefined \expanded.
(etexcmds)             In the latter case, load this package earlier.
Package: kvsetkeys 2012/04/25 v1.16 Key value parser (HO)
Package: kvdefinekeys 2011/04/07 v1.3 Define keys (HO)
Package: pdftexcmds 2011/11/29 v0.20 Utility functions of pdfTeX for LuaTeX (HO)
Package pdftexcmds Info: LuaTeX not detected.
Package pdftexcmds Info: \pdf@primitive is available.
Package pdftexcmds Info: \pdf@ifprimitive is available.
Package pdftexcmds Info: \pdfdraftmode found.
Package: pdfescape 2011/11/25 v1.13 Implements pdfTeX's escape features (HO)
Package: bigintcalc 2012/04/08 v1.3 Expandable calculations on big integers (HO)
Package: bitset 2011/01/30 v1.1 Handle bit-vector datatype (HO)
Package: uniquecounter 2011/01/30 v1.2 Provide unlimited unique counter (HO)
)
Package hobsub Info: Skipping package `hobsub' (already loaded).
Package: letltxmacro 2010/09/02 v1.4 Let assignment for LaTeX macros (HO)
Package: hopatch 2012/05/28 v1.2 Wrapper for package hooks (HO)
Package: xcolor-patch 2011/01/30 xcolor patch
Package: atveryend 2011/06/30 v1.8 Hooks at the very end of document (HO)
Package atveryend Info: \enddocument detected (standard20110627).
Package hobsub Info: Skipping package `atbegshi' (already loaded).
Package: refcount 2011/10/16 v3.4 Data extraction from label references (HO)
Package: hycolor 2011/01/30 v1.7 Color options for hyperref/bookmark (HO)
) (/usr/share/texlive/texmf-dist/tex/generic/ifxetex/ifxetex.sty
Package: ifxetex 2010/09/12 v0.6 Provides ifxetex conditional
) (/usr/share/texlive/texmf-dist/tex/latex/oberdiek/auxhook.sty
Package: auxhook 2011/03/04 v1.3 Hooks for auxiliary files (HO)
) (/usr/share/texlive/texmf-dist/tex/latex/oberdiek/kvoptions.sty
Package: kvoptions 2011/06/30 v3.11 Key value format for package options (HO)
)
\@linkdim=\dimen109
\Hy@linkcounter=\count93
\Hy@pagecounter=\count94
 (/usr/share/texlive/texmf-dist/tex/latex/hyperref/pd1enc.def
File: pd1enc.def 2012/11/06 v6.83m Hyperref: PDFDocEncoding definition (HO)
)
\Hy@SavedSpaceFactor=\count95
 (/usr/share/texlive/texmf-dist/tex/latex/latexconfig/hyperref.cfg
File: hyperref.cfg 2002/06/06 v1.2 hyperref configuration of TeXLive
)
Package hyperref Info: Hyper figures OFF on input line 4443.
Package hyperref Info: Link nesting OFF on input line 4448.
Package hyperref Info: Hyper index ON on input line 4451.
Package hyperref Info: Plain pages OFF on input line 4458.
Package hyperref Info: Backreferencing OFF on input line 4463.
Package hyperref Info: Implicit mode ON; LaTeX internals redefined.
Package hyperref Info: Bookmarks ON on input line 4688.
\c@Hy@tempcnt=\count96
LaTeX Info: Redefining \url on input line 5041.
\XeTeXLinkMargin=\dimen110
\Fld@menulength=\count97
\Field@Width=\dimen111
\Fld@charsize=\dimen112
Package hyperref Info: Hyper figures OFF on input line 6295.
Package hyperref Info: Link nesting OFF on input line 6300.
Package hyperref Info: Hyper index ON on input line 6303.
Package hyperref Info: backreferencing OFF on input line 6310.
Package hyperref Info: Link coloring OFF on input line 6315.
Package hyperref Info: Link coloring with OCG OFF on input line 6320.
Package hyperref Info: PDF/A mode OFF on input line 6325.
LaTeX Info: Redefining \ref on input line 6365.
LaTeX Info: Redefining \pageref on input line 6369.
\Hy@abspage=\count98
\c@Item=\count99
\c@Hfootnote=\count100
)

Package hyperref Message: Driver (autodetected): hpdftex.

(/usr/share/texlive/texmf-dist/tex/latex/hyperref/hpdftex.def
File: hpdftex.def 2012/11/06 v6.83m Hyperref driver for pdfTeX
\Fld@listcount=\count101
\c@bookmark@seq@number=\count102
 (/usr/share/texlive/texmf-dist/tex/latex/oberdiek/rerunfilecheck.sty
Package: rerunfilecheck 2011/04/15 v1.7 Rerun checks for auxiliary files (HO)
Package uniquecounter Info: New unique counter `rerunfilecheck' on input line 282.
)
\Hy@SectionHShift=\skip47
)

LaTeX Warning: Unused global option(s):
    [a4].

(/media/bagustris/atmaja/s3/disertasi-ser/book/book.aux (/media/bagustris/atmaja/s3/disertasi-ser/book/eabs.aux) (/media/bagustris/atmaja/s3/disertasi-ser/book/eack.aux) (/media/bagustris/atmaja/s3/disertasi-ser/book/1ec.aux) (/media/bagustris/atmaja/s3/disertasi-ser/book/2ec.aux) (/media/bagustris/atmaja/s3/disertasi-ser/book/3ec.aux) (/media/bagustris/atmaja/s3/disertasi-ser/book/4ec.aux) (/media/bagustris/atmaja/s3/disertasi-ser/book/5ec.aux) (/media/bagustris/atmaja/s3/disertasi-ser/book/6ec.aux) (/media/bagustris/atmaja/s3/disertasi-ser/book/7ec.aux) (/media/bagustris/atmaja/s3/disertasi-ser/book/eref.aux) (/media/bagustris/atmaja/s3/disertasi-ser/book/epub.aux))
\openout1 = `book.aux'.

LaTeX Font Info:    Checking defaults for OML/cmm/m/it on input line 18.
LaTeX Font Info:    ... okay on input line 18.
LaTeX Font Info:    Checking defaults for T1/cmr/m/n on input line 18.
LaTeX Font Info:    ... okay on input line 18.
LaTeX Font Info:    Checking defaults for OT1/cmr/m/n on input line 18.
LaTeX Font Info:    ... okay on input line 18.
LaTeX Font Info:    Checking defaults for OMS/cmsy/m/n on input line 18.
LaTeX Font Info:    ... okay on input line 18.
LaTeX Font Info:    Checking defaults for OMX/cmex/m/n on input line 18.
LaTeX Font Info:    ... okay on input line 18.
LaTeX Font Info:    Checking defaults for U/cmr/m/n on input line 18.
LaTeX Font Info:    ... okay on input line 18.
LaTeX Font Info:    Checking defaults for PD1/pdf/m/n on input line 18.
LaTeX Font Info:    ... okay on input line 18.
 (/usr/share/texlive/texmf-dist/tex/latex/oberdiek/epstopdf-base.sty
Package: epstopdf-base 2010/02/09 v2.5 Base part for package epstopdf
 (/usr/share/texlive/texmf-dist/tex/latex/oberdiek/grfext.sty
Package: grfext 2010/08/19 v1.1 Manage graphics extensions (HO)
)
Package epstopdf-base Info: Redefining graphics rule for `.eps' on input line 434.
Package grfext Info: Graphics extension search list:
(grfext)             [.png,.pdf,.jpg,.mps,.jpeg,.jbig2,.jb2,.PNG,.PDF,.JPG,.JPEG,.JBIG2,.JB2,.eps]
(grfext)             \AppendGraphicsExtensions on input line 452.
 (/usr/share/texlive/texmf-dist/tex/latex/latexconfig/epstopdf-sys.cfg
File: epstopdf-sys.cfg 2010/07/13 v1.3 Configuration of (r)epstopdf for TeX Live
))
\AtBeginShipoutBox=\box28
 (/usr/share/texlive/texmf-dist/tex/context/base/supp-pdf.mkii
[Loading MPS to PDF converter (version 2006.09.02).]
\scratchcounter=\count103
\scratchdimen=\dimen113
\scratchbox=\box29
\nofMPsegments=\count104
\nofMParguments=\count105
\everyMPshowfont=\toks16
\MPscratchCnt=\count106
\MPscratchDim=\dimen114
\MPnumerator=\count107
\makeMPintoPDFobject=\count108
\everyMPtoPDFconversion=\toks17
) (/usr/share/texlive/texmf-dist/tex/latex/oberdiek/pdflscape.sty
Package: pdflscape 2008/08/11 v0.10 Display of landscape pages in PDF (HO)
 (/usr/share/texlive/texmf-dist/tex/latex/graphics/lscape.sty
Package: lscape 2000/10/22 v3.01 Landscape Pages (DPC)
)
Package pdflscape Info: Auto-detected driver: pdftex on input line 80.
)
Package hyperref Info: Link coloring OFF on input line 18.
 (/usr/share/texlive/texmf-dist/tex/latex/hyperref/nameref.sty
Package: nameref 2012/10/27 v2.43 Cross-referencing by name of section
 (/usr/share/texlive/texmf-dist/tex/generic/oberdiek/gettitlestring.sty
Package: gettitlestring 2010/12/03 v1.4 Cleanup title references (HO)
)
\c@section@level=\count109
)
LaTeX Info: Redefining \ref on input line 18.
LaTeX Info: Redefining \pageref on input line 18.
LaTeX Info: Redefining \nameref on input line 18.
 (/media/bagustris/atmaja/s3/disertasi-ser/book/book.out) (/media/bagustris/atmaja/s3/disertasi-ser/book/book.out)
\@outlinefile=\write3
\openout3 = `book.out'.



LaTeX Font Warning: Font shape `OT1/cmss/m/it' in size <14.4> not available
(Font)              Font shape `OT1/cmss/m/sl' tried instead on input line 20.

[0

{/home/bagustris/.texmf-var/fonts/map/pdftex/updmap/pdftex.map}]
\openout2 = `eabs.aux'.

 (/media/bagustris/atmaja/s3/disertasi-ser/book/eabs.tex) [1

]
\openout2 = `eack.aux'.

 (/media/bagustris/atmaja/s3/disertasi-ser/book/eack.tex) [2


] (/media/bagustris/atmaja/s3/disertasi-ser/book/book.toc
LaTeX Font Info:    External font `cmex10' loaded for size
(Font)              <12> on input line 4.
LaTeX Font Info:    External font `cmex10' loaded for size
(Font)              <8> on input line 4.
LaTeX Font Info:    External font `cmex10' loaded for size
(Font)              <6> on input line 4.
 [3


])
\tf@toc=\write4
\openout4 = `book.toc'.

 [4] (/media/bagustris/atmaja/s3/disertasi-ser/book/book.lof)
\tf@lof=\write5
\openout5 = `book.lof'.

 [5

] (/media/bagustris/atmaja/s3/disertasi-ser/book/book.lot)
\tf@lot=\write6
\openout6 = `book.lot'.

 [6

]
\openout2 = `1ec.aux'.

 (/media/bagustris/atmaja/s3/disertasi-ser/book/1ec.tex
\c@theo=\count110
\c@lemma=\count111
\c@col=\count112
\c@defini=\count113
\c@pro=\count114

Chapter 1.
) [1


]
\openout2 = `2ec.aux'.

 (/media/bagustris/atmaja/s3/disertasi-ser/book/2ec.tex
Chapter 2.
) [2



]
\openout2 = `3ec.aux'.

 (/media/bagustris/atmaja/s3/disertasi-ser/book/3ec.tex
Chapter 3.
<../fig/concept-crop.pdf, id=288, 549.05125pt x 725.71124pt>
File: ../fig/concept-crop.pdf Graphic file (type pdf)
 <use ../fig/concept-crop.pdf>
Package pdftex.def Info: ../fig/concept-crop.pdf used on input line 7.
(pdftex.def)             Requested size: 227.62204pt x 300.85449pt.
) [3



 <../fig/concept-crop.pdf>] [4]
\openout2 = `4ec.aux'.

 (/media/bagustris/atmaja/s3/disertasi-ser/book/4ec.tex
Chapter 4.
[5



] <../fig/window_hann.pdf, id=319, 542.025pt x 252.945pt>
File: ../fig/window_hann.pdf Graphic file (type pdf)
 <use ../fig/window_hann.pdf>
Package pdftex.def Info: ../fig/window_hann.pdf used on input line 49.
(pdftex.def)             Requested size: 455.24408pt x 212.45305pt.
 <../fig/windowing_demo.pdf, id=320, 650.43pt x 216.81pt>
File: ../fig/windowing_demo.pdf Graphic file (type pdf)
 <use ../fig/windowing_demo.pdf>
Package pdftex.def Info: ../fig/windowing_demo.pdf used on input line 56.
(pdftex.def)             Requested size: 455.24408pt x 151.75272pt.
 <../fig/framing.pdf, id=322, 471.4749pt x 362.53117pt>
File: ../fig/framing.pdf Graphic file (type pdf)
 <use ../fig/framing.pdf>
Package pdftex.def Info: ../fig/framing.pdf used on input line 73.
(pdftex.def)             Requested size: 455.24408pt x 350.05058pt.
 [6 <../fig/window_hann.pdf> <../fig/windowing_demo.pdf

pdfTeX warning: pdflatex (file ../fig/windowing_demo.pdf): PDF inclusion: multiple pdfs with page group included in a single page
>] [7 <../fig/framing.pdf>]

LaTeX Warning: Reference `fig:mfcc_40' on page 8 undefined on input line 101.


LaTeX Warning: Reference `fig:mfsc_128' on page 8 undefined on input line 114.


Underfull \hbox (badness 1960) in paragraph at lines 149--152
[]\OT1/cmr/m/n/12 zero cross-ing rate, en-ergy, en-tropy
 []

) [8] [9]
\openout2 = `5ec.aux'.

 (/media/bagustris/atmaja/s3/disertasi-ser/book/5ec.tex
Chapter 5.

Overfull \hbox (3.08954pt too wide) in paragraph at lines 13--13
[]\OT1/cmr/bx/n/17.28 Comparing ASR Out-puts with Man-ual Tran-scrip-
 []

) [10



]
\openout2 = `6ec.aux'.

 (/media/bagustris/atmaja/s3/disertasi-ser/book/6ec.tex
Chapter 6.
) [11



]
\openout2 = `7ec.aux'.

 (/media/bagustris/atmaja/s3/disertasi-ser/book/7ec.tex
Chapter 7.
) [12



]
\openout2 = `eref.aux'.

 (/media/bagustris/atmaja/s3/disertasi-ser/book/eref.tex (/media/bagustris/atmaja/s3/disertasi-ser/book/book.bbl)) [13



]
\openout2 = `epub.aux'.

 (/media/bagustris/atmaja/s3/disertasi-ser/book/epub.tex
\c@pubnum=\count115
) [14



]
Package atveryend Info: Empty hook `BeforeClearDocument' on input line 44.
Package atveryend Info: Empty hook `AfterLastShipout' on input line 44.
 (/media/bagustris/atmaja/s3/disertasi-ser/book/book.aux (/media/bagustris/atmaja/s3/disertasi-ser/book/eabs.aux) (/media/bagustris/atmaja/s3/disertasi-ser/book/eack.aux) (/media/bagustris/atmaja/s3/disertasi-ser/book/1ec.aux) (/media/bagustris/atmaja/s3/disertasi-ser/book/2ec.aux) (/media/bagustris/atmaja/s3/disertasi-ser/book/3ec.aux) (/media/bagustris/atmaja/s3/disertasi-ser/book/4ec.aux) (/media/bagustris/atmaja/s3/disertasi-ser/book/5ec.aux) (/media/bagustris/atmaja/s3/disertasi-ser/book/6ec.aux) (/media/bagustris/atmaja/s3/disertasi-ser/book/7ec.aux) (/media/bagustris/atmaja/s3/disertasi-ser/book/eref.aux) (/media/bagustris/atmaja/s3/disertasi-ser/book/epub.aux))
Package atveryend Info: Executing hook `AtVeryEndDocument' on input line 44.
Package atveryend Info: Executing hook `AtEndAfterFileList' on input line 44.
Package rerunfilecheck Info: File `book.out' has not changed.
(rerunfilecheck)             Checksum: 2EAB3AA704B3BD1446103C82A32E2C40;2875.


LaTeX Warning: There were undefined references.

Package atveryend Info: Empty hook `AtVeryVeryEnd' on input line 44.
 ) 
Here is how much of TeX's memory you used:
 6631 strings out of 494497
 100572 string characters out of 6172401
 190788 words of memory out of 5000000
 9806 multiletter control sequences out of 15000+600000
 10425 words of font info for 36 fonts, out of 8000000 for 9000
 264 hyphenation exceptions out of 8191
 37i,10n,39p,402b,382s stack positions out of 5000i,500n,10000p,200000b,80000s
</usr/share/texlive/texmf-dist/fonts/type1/public/amsfonts/cm/cmbx12.pfb></usr/share/texlive/texmf-dist/fonts/type1/public/amsfonts/cm/cmex10.pfb></usr/share/texlive/texmf-dist/fonts/type1/public/amsfonts/cm/cmmi12.pfb></usr/share/texlive/texmf-dist/fonts/type1/public/amsfonts/cm/cmr12.pfb></usr/share/texlive/texmf-dist/fonts/type1/public/amsfonts/cm/cmss12.pfb></usr/share/texlive/texmf-dist/fonts/type1/public/amsfonts/cm/cmss17.pfb></usr/share/texlive/texmf-dist/fonts/type1/public/amsfonts/cm/cmssi12.pfb></usr/share/texlive/texmf-dist/fonts/type1/public/amsfonts/cm/cmsy10.pfb></usr/share/texlive/texmf-dist/fonts/type1/public/amsfonts/cm/cmti12.pfb>
Output written on /media/bagustris/atmaja/s3/disertasi-ser/book/book.pdf (21 pages, 194019 bytes).
PDF statistics:
 494 PDF objects out of 1000 (max. 8388607)
 421 compressed objects within 5 object streams
 83 named destinations out of 1000 (max. 500000)
 373 words of extra memory for PDF output out of 10000 (max. 10000000)

