\BOOKMARK [0][-]{Doc-Start}{Abstract}{}% 1
\BOOKMARK [0][-]{Doc-Start}{Acknowledgments}{}% 2
\BOOKMARK [0][-]{chapter*.3}{List of Abbreviations}{}% 3
\BOOKMARK [0][-]{chapter.1}{Introduction}{}% 4
\BOOKMARK [1][-]{section.1.1}{Background}{chapter.1}% 5
\BOOKMARK [1][-]{section.1.2}{Research aims and problems}{chapter.1}% 6
\BOOKMARK [1][-]{section.1.3}{Research concept}{chapter.1}% 7
\BOOKMARK [1][-]{section.1.4}{Contributions}{chapter.1}% 8
\BOOKMARK [1][-]{section.1.5}{Dissertation structure}{chapter.1}% 9
\BOOKMARK [0][-]{chapter.2}{Literature Review}{}% 10
\BOOKMARK [1][-]{section.2.1}{Introduction}{chapter.2}% 11
\BOOKMARK [1][-]{section.2.2}{Emotion models}{chapter.2}% 12
\BOOKMARK [2][-]{subsection.2.2.1}{Categorical emotion}{section.2.2}% 13
\BOOKMARK [2][-]{subsection.2.2.2}{Dimensional emotion}{section.2.2}% 14
\BOOKMARK [1][-]{section.2.3}{Features}{chapter.2}% 15
\BOOKMARK [2][-]{subsection.2.3.1}{Acoustic features}{section.2.3}% 16
\BOOKMARK [2][-]{subsection.2.3.2}{Linguistic features}{section.2.3}% 17
\BOOKMARK [1][-]{section.2.4}{Classifiers}{chapter.2}% 18
\BOOKMARK [2][-]{subsection.2.4.1}{SVM}{section.2.4}% 19
\BOOKMARK [2][-]{subsection.2.4.2}{MLP}{section.2.4}% 20
\BOOKMARK [2][-]{subsection.2.4.3}{CNN}{section.2.4}% 21
\BOOKMARK [2][-]{subsection.2.4.4}{LSTM}{section.2.4}% 22
\BOOKMARK [1][-]{section.2.5}{Fusion methods}{chapter.2}% 23
\BOOKMARK [1][-]{section.2.6}{Summary}{chapter.2}% 24
\BOOKMARK [0][-]{chapter.3}{Research Methodology}{}% 25
\BOOKMARK [1][-]{section.3.1}{Research motivation}{chapter.3}% 26
\BOOKMARK [2][-]{subsection.3.1.1}{Why is SER difficult?}{section.3.1}% 27
\BOOKMARK [2][-]{subsection.3.1.2}{Why study dimensional SER?}{section.3.1}% 28
\BOOKMARK [2][-]{subsection.3.1.3}{Why fuse acoustic with linguistic information?}{section.3.1}% 29
\BOOKMARK [1][-]{section.3.2}{Research issues}{chapter.3}% 30
\BOOKMARK [1][-]{section.3.3}{Research philosophy}{chapter.3}% 31
\BOOKMARK [1][-]{section.3.4}{Research strategy}{chapter.3}% 32
\BOOKMARK [2][-]{subsection.3.4.1}{Dimensional SER by acoustic information}{section.3.4}% 33
\BOOKMARK [2][-]{subsection.3.4.2}{Fusing acoustic and linguistic information at feature level}{section.3.4}% 34
\BOOKMARK [2][-]{subsection.3.4.3}{Fusing acoustic and linguistic information at decision level}{section.3.4}% 35
\BOOKMARK [1][-]{section.3.5}{Datasets}{chapter.3}% 36
\BOOKMARK [1][-]{section.3.6}{Evaluation metric}{chapter.3}% 37
\BOOKMARK [1][-]{section.3.7}{Summary}{chapter.3}% 38
\BOOKMARK [0][-]{chapter.4}{Speech Emotion Recognition Using Acoustic Features}{}% 39
\BOOKMARK [1][-]{section.4.1}{Which region of analysis to extract acoustic features in SER}{chapter.4}% 40
\BOOKMARK [2][-]{subsection.4.1.1}{SER using low-level acoustic features}{section.4.1}% 41
\BOOKMARK [2][-]{subsection.4.1.2}{SER using high-level acoustic features}{section.4.1}% 42
\BOOKMARK [2][-]{subsection.4.1.3}{Optimizing dimensional SER using different classifiers}{section.4.1}% 43
\BOOKMARK [1][-]{section.4.2}{Effect of silent pause features in dimensional SER}{chapter.4}% 44
\BOOKMARK [2][-]{subsection.4.2.1}{Dimensional SER on silence-removed region}{section.4.2}% 45
\BOOKMARK [2][-]{subsection.4.2.2}{Dimensional SER with silent pause features}{section.4.2}% 46
\BOOKMARK [1][-]{section.4.3}{Acoustic feature aggregation}{chapter.4}% 47
\BOOKMARK [1][-]{section.4.4}{Summary}{chapter.4}% 48
\BOOKMARK [0][-]{chapter.5}{Fusing Acoustic and Linguistic Information at Feature Level}{}% 49
\BOOKMARK [1][-]{section.5.1}{Extracting linguistic information}{chapter.5}% 50
\BOOKMARK [2][-]{subsection.5.1.1}{Word embeddings}{section.5.1}% 51
\BOOKMARK [2][-]{subsection.5.1.2}{Pre-trained word embeddings}{section.5.1}% 52
\BOOKMARK [2][-]{subsection.5.1.3}{CCC loss function}{section.5.1}% 53
\BOOKMARK [1][-]{section.5.2}{Early fusion by networks concatenation}{chapter.5}% 54
\BOOKMARK [2][-]{subsection.5.2.1}{Results on bimodal feature fusion}{section.5.2}% 55
\BOOKMARK [2][-]{subsection.5.2.2}{Discussion in terms of categorical emotions}{section.5.2}% 56
\BOOKMARK [1][-]{section.5.3}{Dimensional SER with ASR outputs}{chapter.5}% 57
\BOOKMARK [2][-]{subsection.5.3.1}{Effect of word embeddings' dimension}{section.5.3}% 58
\BOOKMARK [1][-]{section.5.4}{Early fusion by network concatenation}{chapter.5}% 59
\BOOKMARK [2][-]{subsection.5.4.1}{Bimodal acoustic-linguistic feature fusion}{section.5.4}% 60
\BOOKMARK [2][-]{subsection.5.4.2}{Feature concatenation results}{section.5.4}% 61
\BOOKMARK [1][-]{section.5.5}{Summary}{chapter.5}% 62
\BOOKMARK [0][-]{chapter.6}{Fusing Acoustic and Linguistic Information at Decision Level}{}% 63
\BOOKMARK [1][-]{section.6.1}{Datasets partition}{chapter.6}% 64
\BOOKMARK [1][-]{section.6.2}{Two-stage dimensional SER}{chapter.6}% 65
\BOOKMARK [2][-]{subsection.6.2.1}{LSTM network for unimodal prediction}{section.6.2}% 66
\BOOKMARK [2][-]{subsection.6.2.2}{SVM for results fusion}{section.6.2}% 67
\BOOKMARK [1][-]{section.6.3}{Results and discussion}{chapter.6}% 68
\BOOKMARK [2][-]{subsection.6.3.1}{Results from single modality}{section.6.3}% 69
\BOOKMARK [2][-]{subsection.6.3.2}{Results from SVM-based fusion}{section.6.3}% 70
\BOOKMARK [2][-]{subsection.6.3.3}{Speaker-dependent vs. speaker-independent linguistic emotion recognition}{section.6.3}% 71
\BOOKMARK [2][-]{subsection.6.3.4}{Effect of removing target sentence from MSP-IMPROV dataset}{section.6.3}% 72
\BOOKMARK [2][-]{subsection.6.3.5}{Final remarks}{section.6.3}% 73
\BOOKMARK [1][-]{section.6.4}{Summary}{chapter.6}% 74
\BOOKMARK [0][-]{chapter.7}{Comparative Analysis}{}% 75
\BOOKMARK [1][-]{section.7.1}{Comparison within this study}{chapter.7}% 76
\BOOKMARK [1][-]{section.7.2}{Comparison with other studies}{chapter.7}% 77
\BOOKMARK [0][-]{chapter.8}{Conclusions}{}% 78
\BOOKMARK [1][-]{section.8.1}{General summary}{chapter.8}% 79
\BOOKMARK [1][-]{section.8.2}{Future research directions}{chapter.8}% 80
\BOOKMARK [0][-]{chapter*.18}{References}{}% 81
\BOOKMARK [0][-]{chapter*.18}{Publications}{}% 82
